0.500000
0.478549
0.455962
0.469478
0.229327
0.431262
0.414041
0.440449
0.414791
0.431372
0.379760
0.389641
0.169464
0.294378
0.356514
0.408743
0.187958
0.358421
0.388840
0.200921
0.376948
0.349640
0.182042
0.400956
0.195318
0.116470
0.376288
0.324395
0.345310
0.322729
0.159425
0.113601
0.085797
0.283523
0.131786
0.090953
0.069356
0.299330
0.149546
0.353262
0.348223
0.159381
0.277253
0.343788
0.363909
0.303793
0.283538
0.142905
0.330369
0.322632
0.164590
0.113672
0.331121
0.278037
0.341679
0.246608
0.141745
0.096568
0.074377
0.335807
0.112152
0.084594
0.345751
0.153569
0.091349
0.082403
0.228694
0.295797
0.279190
0.235570
0.267311
0.130951
0.083458
0.053264
0.048066
0.276469
0.129742
0.089962
0.321025
0.122897
0.081675
0.293965
0.130307
0.089226
0.229685
0.237891
0.226351
0.256111
0.122614
0.083382
0.209915
0.115403
0.068729
0.290112
0.131734
0.160733
0.241160
0.123223
0.086742
0.039673
